# JRE version: Java(TM) SE Runtime Environment (8.0_71-b15) (build 1.8.0_71-b15)
# Java VM: Java HotSpot(TM) 64-Bit Server VM (25.71-b15 mixed mode windows-amd64 compressed oops)
Heap:
 PSYoungGen      total 58368K, used 17734K [0x00000000d5b80000, 0x00000000d9c80000, 0x0000000100000000)
  eden space 53248K, 32% used [0x00000000d5b80000,0x00000000d6c3a180,0x00000000d8f80000)
  from space 5120K, 11% used [0x00000000d9780000,0x00000000d98177f8,0x00000000d9c80000)
  to   space 6656K, 0% used [0x00000000d8f80000,0x00000000d8f80000,0x00000000d9600000)
 ParOldGen       total 87552K, used 5347K [0x0000000081200000, 0x0000000086780000, 0x00000000d5b80000)
  object space 87552K, 6% used [0x0000000081200000,0x0000000081738de8,0x0000000086780000)
 Metaspace       used 14693K, capacity 14932K, committed 15232K, reserved 1062912K
  class space    used 1805K, capacity 1900K, committed 1920K, reserved 1048576K
GC Heap History (10 events):
Event: 9.273 GC heap before
{Heap before GC invocations=8 (full 0):
 PSYoungGen      total 62464K, used 62036K [0x00000000d5b80000, 0x00000000da300000, 0x0000000100000000)
  eden space 60928K, 100% used [0x00000000d5b80000,0x00000000d9700000,0x00000000d9700000)
  from space 1536K, 72% used [0x00000000d9980000,0x00000000d9a95080,0x00000000d9b00000)
  to   space 6144K, 0% used [0x00000000d9d00000,0x00000000d9d00000,0x00000000da300000)
 ParOldGen       total 87552K, used 4287K [0x0000000081200000, 0x0000000086780000, 0x00000000d5b80000)
  object space 87552K, 4% used [0x0000000081200000,0x000000008162fe58,0x0000000086780000)
 Metaspace       used 14534K, capacity 14796K, committed 14976K, reserved 1062912K
  class space    used 1805K, capacity 1900K, committed 1920K, reserved 1048576K
Event: 9.275 GC heap after
Heap after GC invocations=8 (full 0):
 PSYoungGen      total 64000K, used 1140K [0x00000000d5b80000, 0x00000000da180000, 0x0000000100000000)
  eden space 59392K, 0% used [0x00000000d5b80000,0x00000000d5b80000,0x00000000d9580000)
  from space 4608K, 24% used [0x00000000d9d00000,0x00000000d9e1d080,0x00000000da180000)
  to   space 6144K, 0% used [0x00000000d9580000,0x00000000d9580000,0x00000000d9b80000)
 ParOldGen       total 87552K, used 4303K [0x0000000081200000, 0x0000000086780000, 0x00000000d5b80000)
  object space 87552K, 4% used [0x0000000081200000,0x0000000081633e58,0x0000000086780000)
 Metaspace       used 14534K, capacity 14796K, committed 14976K, reserved 1062912K
  class space    used 1805K, capacity 1900K, committed 1920K, reserved 1048576K
}
Event: 12.117 GC heap before
{Heap before GC invocations=9 (full 0):
 PSYoungGen      total 64000K, used 60532K [0x00000000d5b80000, 0x00000000da180000, 0x0000000100000000)
  eden space 59392K, 100% used [0x00000000d5b80000,0x00000000d9580000,0x00000000d9580000)
  from space 4608K, 24% used [0x00000000d9d00000,0x00000000d9e1d080,0x00000000da180000)
  to   space 6144K, 0% used [0x00000000d9580000,0x00000000d9580000,0x00000000d9b80000)
 ParOldGen       total 87552K, used 4303K [0x0000000081200000, 0x0000000086780000, 0x00000000d5b80000)
  object space 87552K, 4% used [0x0000000081200000,0x0000000081633e58,0x0000000086780000)
 Metaspace       used 14591K, capacity 14868K, committed 14976K, reserved 1062912K
  class space    used 1805K, capacity 1900K, committed 1920K, reserved 1048576K
Event: 12.120 GC heap after
Heap after GC invocations=9 (full 0):
 PSYoungGen      total 59392K, used 1172K [0x00000000d5b80000, 0x00000000da100000, 0x0000000100000000)
  eden space 57856K, 0% used [0x00000000d5b80000,0x00000000d5b80000,0x00000000d9400000)
  from space 1536K, 76% used [0x00000000d9580000,0x00000000d96a5080,0x00000000d9700000)
  to   space 6656K, 0% used [0x00000000d9a80000,0x00000000d9a80000,0x00000000da100000)
 ParOldGen       total 87552K, used 4722K [0x0000000081200000, 0x0000000086780000, 0x00000000d5b80000)
  object space 87552K, 5% used [0x0000000081200000,0x000000008169cb40,0x0000000086780000)
 Metaspace       used 14591K, capacity 14868K, committed 14976K, reserved 1062912K
  class space    used 1805K, capacity 1900K, committed 1920K, reserved 1048576K
}
Event: 12.707 GC heap before
{Heap before GC invocations=10 (full 0):
 PSYoungGen      total 59392K, used 59028K [0x00000000d5b80000, 0x00000000da100000, 0x0000000100000000)
  eden space 57856K, 100% used [0x00000000d5b80000,0x00000000d9400000,0x00000000d9400000)
  from space 1536K, 76% used [0x00000000d9580000,0x00000000d96a5080,0x00000000d9700000)
  to   space 6656K, 0% used [0x00000000d9a80000,0x00000000d9a80000,0x00000000da100000)
 ParOldGen       total 87552K, used 4722K [0x0000000081200000, 0x0000000086780000, 0x00000000d5b80000)
  object space 87552K, 5% used [0x0000000081200000,0x000000008169cb40,0x0000000086780000)
 Metaspace       used 14643K, capacity 14868K, committed 14976K, reserved 1062912K
  class space    used 1805K, capacity 1900K, committed 1920K, reserved 1048576K
Event: 12.708 GC heap after
Heap after GC invocations=10 (full 0):
 PSYoungGen      total 61440K, used 1204K [0x00000000d5b80000, 0x00000000d9f80000, 0x0000000100000000)
  eden space 56320K, 0% used [0x00000000d5b80000,0x00000000d5b80000,0x00000000d9280000)
  from space 5120K, 23% used [0x00000000d9a80000,0x00000000d9bad080,0x00000000d9f80000)
  to   space 6656K, 0% used [0x00000000d9280000,0x00000000d9280000,0x00000000d9900000)
 ParOldGen       total 87552K, used 4730K [0x0000000081200000, 0x0000000086780000, 0x00000000d5b80000)
  object space 87552K, 5% used [0x0000000081200000,0x000000008169eb40,0x0000000086780000)
 Metaspace       used 14643K, capacity 14868K, committed 14976K, reserved 1062912K
  class space    used 1805K, capacity 1900K, committed 1920K, reserved 1048576K
}
Event: 13.161 GC heap before
{Heap before GC invocations=11 (full 0):
 PSYoungGen      total 61440K, used 57367K [0x00000000d5b80000, 0x00000000d9f80000, 0x0000000100000000)
  eden space 56320K, 99% used [0x00000000d5b80000,0x00000000d9258e88,0x00000000d9280000)
  from space 5120K, 23% used [0x00000000d9a80000,0x00000000d9bad080,0x00000000d9f80000)
  to   space 6656K, 0% used [0x00000000d9280000,0x00000000d9280000,0x00000000d9900000)
 ParOldGen       total 87552K, used 4730K [0x0000000081200000, 0x0000000086780000, 0x00000000d5b80000)
  object space 87552K, 5% used [0x0000000081200000,0x000000008169eb40,0x0000000086780000)
 Metaspace       used 14652K, capacity 14932K, committed 15232K, reserved 1062912K
  class space    used 1805K, capacity 1900K, committed 1920K, reserved 1048576K
Event: 13.162 GC heap after
Heap after GC invocations=11 (full 0):
 PSYoungGen      total 55296K, used 456K [0x00000000d5b80000, 0x00000000d9e00000, 0x0000000100000000)
  eden space 54784K, 0% used [0x00000000d5b80000,0x00000000d5b80000,0x00000000d9100000)
  from space 512K, 89% used [0x00000000d9280000,0x00000000d92f2350,0x00000000d9300000)
  to   space 6656K, 0% used [0x00000000d9780000,0x00000000d9780000,0x00000000d9e00000)
 ParOldGen       total 87552K, used 5304K [0x0000000081200000, 0x0000000086780000, 0x00000000d5b80000)
  object space 87552K, 6% used [0x0000000081200000,0x000000008172e288,0x0000000086780000)
 Metaspace       used 14652K, capacity 14932K, committed 15232K, reserved 1062912K
  class space    used 1805K, capacity 1900K, committed 1920K, reserved 1048576K
}
Event: 13.595 GC heap before
{Heap before GC invocations=12 (full 0):
 PSYoungGen      total 55296K, used 55240K [0x00000000d5b80000, 0x00000000d9e00000, 0x0000000100000000)
  eden space 54784K, 100% used [0x00000000d5b80000,0x00000000d9100000,0x00000000d9100000)
  from space 512K, 89% used [0x00000000d9280000,0x00000000d92f2350,0x00000000d9300000)
  to   space 6656K, 0% used [0x00000000d9780000,0x00000000d9780000,0x00000000d9e00000)
 ParOldGen       total 87552K, used 5304K [0x0000000081200000, 0x0000000086780000, 0x00000000d5b80000)
  object space 87552K, 6% used [0x0000000081200000,0x000000008172e288,0x0000000086780000)
 Metaspace       used 14675K, capacity 14932K, committed 15232K, reserved 1062912K
  class space    used 1805K, capacity 1900K, committed 1920K, reserved 1048576K
Event: 13.596 GC heap after
Heap after GC invocations=12 (full 0):
 PSYoungGen      total 58368K, used 605K [0x00000000d5b80000, 0x00000000d9c80000, 0x0000000100000000)
  eden space 53248K, 0% used [0x00000000d5b80000,0x00000000d5b80000,0x00000000d8f80000)
  from space 5120K, 11% used [0x00000000d9780000,0x00000000d98177f8,0x00000000d9c80000)
  to   space 6656K, 0% used [0x00000000d8f80000,0x00000000d8f80000,0x00000000d9600000)
 ParOldGen       total 87552K, used 5347K [0x0000000081200000, 0x0000000086780000, 0x00000000d5b80000)
  object space 87552K, 6% used [0x0000000081200000,0x0000000081738de8,0x0000000086780000)
 Metaspace       used 14675K, capacity 14932K, committed 15232K, reserved 1062912K
  class space    used 1805K, capacity 1900K, committed 1920K, reserved 1048576K
}

