# JRE version: Java(TM) SE Runtime Environment (8.0_71-b15) (build 1.8.0_71-b15)
# Java VM: Java HotSpot(TM) 64-Bit Server VM (25.71-b15 mixed mode windows-amd64 compressed oops)
Heap:
 PSYoungGen      total 25088K, used 11899K [0x00000000d5b80000, 0x00000000d7580000, 0x0000000100000000)
  eden space 23552K, 47% used [0x00000000d5b80000,0x00000000d66874f0,0x00000000d7280000)
  from space 1536K, 39% used [0x00000000d7280000,0x00000000d73177f8,0x00000000d7400000)
  to   space 1536K, 0% used [0x00000000d7400000,0x00000000d7400000,0x00000000d7580000)
 ParOldGen       total 87552K, used 11403K [0x0000000081200000, 0x0000000086780000, 0x00000000d5b80000)
  object space 87552K, 13% used [0x0000000081200000,0x0000000081d22fa0,0x0000000086780000)
 Metaspace       used 15308K, capacity 15540K, committed 15744K, reserved 1062912K
  class space    used 1793K, capacity 1868K, committed 1920K, reserved 1048576K
GC Heap History (10 events):
Event: 68.429 GC heap before
{Heap before GC invocations=131 (full 0):
 PSYoungGen      total 25088K, used 24339K [0x00000000d5b80000, 0x00000000d7580000, 0x0000000100000000)
  eden space 23552K, 100% used [0x00000000d5b80000,0x00000000d7280000,0x00000000d7280000)
  from space 1536K, 51% used [0x00000000d7400000,0x00000000d74c4ca0,0x00000000d7580000)
  to   space 1536K, 0% used [0x00000000d7280000,0x00000000d7280000,0x00000000d7400000)
 ParOldGen       total 87552K, used 10774K [0x0000000081200000, 0x0000000086780000, 0x00000000d5b80000)
  object space 87552K, 12% used [0x0000000081200000,0x0000000081c85948,0x0000000086780000)
 Metaspace       used 15285K, capacity 15540K, committed 15744K, reserved 1062912K
  class space    used 1793K, capacity 1868K, committed 1920K, reserved 1048576K
Event: 68.430 GC heap after
Heap after GC invocations=131 (full 0):
 PSYoungGen      total 25088K, used 1172K [0x00000000d5b80000, 0x00000000d7580000, 0x0000000100000000)
  eden space 23552K, 0% used [0x00000000d5b80000,0x00000000d5b80000,0x00000000d7280000)
  from space 1536K, 76% used [0x00000000d7280000,0x00000000d73a5080,0x00000000d7400000)
  to   space 1536K, 0% used [0x00000000d7400000,0x00000000d7400000,0x00000000d7580000)
 ParOldGen       total 87552K, used 10782K [0x0000000081200000, 0x0000000086780000, 0x00000000d5b80000)
  object space 87552K, 12% used [0x0000000081200000,0x0000000081c87948,0x0000000086780000)
 Metaspace       used 15285K, capacity 15540K, committed 15744K, reserved 1062912K
  class space    used 1793K, capacity 1868K, committed 1920K, reserved 1048576K
}
Event: 68.648 GC heap before
{Heap before GC invocations=132 (full 0):
 PSYoungGen      total 25088K, used 24724K [0x00000000d5b80000, 0x00000000d7580000, 0x0000000100000000)
  eden space 23552K, 100% used [0x00000000d5b80000,0x00000000d7280000,0x00000000d7280000)
  from space 1536K, 76% used [0x00000000d7280000,0x00000000d73a5080,0x00000000d7400000)
  to   space 1536K, 0% used [0x00000000d7400000,0x00000000d7400000,0x00000000d7580000)
 ParOldGen       total 87552K, used 10782K [0x0000000081200000, 0x0000000086780000, 0x00000000d5b80000)
  object space 87552K, 12% used [0x0000000081200000,0x0000000081c87948,0x0000000086780000)
 Metaspace       used 15285K, capacity 15540K, committed 15744K, reserved 1062912K
  class space    used 1793K, capacity 1868K, committed 1920K, reserved 1048576K
Event: 68.649 GC heap after
Heap after GC invocations=132 (full 0):
 PSYoungGen      total 25088K, used 605K [0x00000000d5b80000, 0x00000000d7580000, 0x0000000100000000)
  eden space 23552K, 0% used [0x00000000d5b80000,0x00000000d5b80000,0x00000000d7280000)
  from space 1536K, 39% used [0x00000000d7400000,0x00000000d74977f8,0x00000000d7580000)
  to   space 1536K, 0% used [0x00000000d7280000,0x00000000d7280000,0x00000000d7400000)
 ParOldGen       total 87552K, used 11358K [0x0000000081200000, 0x0000000086780000, 0x00000000d5b80000)
  object space 87552K, 12% used [0x0000000081200000,0x0000000081d179f0,0x0000000086780000)
 Metaspace       used 15285K, capacity 15540K, committed 15744K, reserved 1062912K
  class space    used 1793K, capacity 1868K, committed 1920K, reserved 1048576K
}
Event: 68.862 GC heap before
{Heap before GC invocations=133 (full 0):
 PSYoungGen      total 25088K, used 24088K [0x00000000d5b80000, 0x00000000d7580000, 0x0000000100000000)
  eden space 23552K, 99% used [0x00000000d5b80000,0x00000000d726eb00,0x00000000d7280000)
  from space 1536K, 39% used [0x00000000d7400000,0x00000000d74977f8,0x00000000d7580000)
  to   space 1536K, 0% used [0x00000000d7280000,0x00000000d7280000,0x00000000d7400000)
 ParOldGen       total 87552K, used 11358K [0x0000000081200000, 0x0000000086780000, 0x00000000d5b80000)
  object space 87552K, 12% used [0x0000000081200000,0x0000000081d179f0,0x0000000086780000)
 Metaspace       used 15285K, capacity 15540K, committed 15744K, reserved 1062912K
  class space    used 1793K, capacity 1868K, committed 1920K, reserved 1048576K
Event: 68.863 GC heap after
Heap after GC invocations=133 (full 0):
 PSYoungGen      total 25088K, used 424K [0x00000000d5b80000, 0x00000000d7580000, 0x0000000100000000)
  eden space 23552K, 0% used [0x00000000d5b80000,0x00000000d5b80000,0x00000000d7280000)
  from space 1536K, 27% used [0x00000000d7280000,0x00000000d72ea350,0x00000000d7400000)
  to   space 1536K, 0% used [0x00000000d7400000,0x00000000d7400000,0x00000000d7580000)
 ParOldGen       total 87552K, used 11358K [0x0000000081200000, 0x0000000086780000, 0x00000000d5b80000)
  object space 87552K, 12% used [0x0000000081200000,0x0000000081d179f0,0x0000000086780000)
 Metaspace       used 15285K, capacity 15540K, committed 15744K, reserved 1062912K
  class space    used 1793K, capacity 1868K, committed 1920K, reserved 1048576K
}
Event: 69.050 GC heap before
{Heap before GC invocations=134 (full 0):
 PSYoungGen      total 25088K, used 23967K [0x00000000d5b80000, 0x00000000d7580000, 0x0000000100000000)
  eden space 23552K, 99% used [0x00000000d5b80000,0x00000000d727d8d0,0x00000000d7280000)
  from space 1536K, 27% used [0x00000000d7280000,0x00000000d72ea350,0x00000000d7400000)
  to   space 1536K, 0% used [0x00000000d7400000,0x00000000d7400000,0x00000000d7580000)
 ParOldGen       total 87552K, used 11358K [0x0000000081200000, 0x0000000086780000, 0x00000000d5b80000)
  object space 87552K, 12% used [0x0000000081200000,0x0000000081d179f0,0x0000000086780000)
 Metaspace       used 15285K, capacity 15540K, committed 15744K, reserved 1062912K
  class space    used 1793K, capacity 1868K, committed 1920K, reserved 1048576K
Event: 69.051 GC heap after
Heap after GC invocations=134 (full 0):
 PSYoungGen      total 25088K, used 1000K [0x00000000d5b80000, 0x00000000d7580000, 0x0000000100000000)
  eden space 23552K, 0% used [0x00000000d5b80000,0x00000000d5b80000,0x00000000d7280000)
  from space 1536K, 65% used [0x00000000d7400000,0x00000000d74fa148,0x00000000d7580000)
  to   space 1536K, 0% used [0x00000000d7280000,0x00000000d7280000,0x00000000d7400000)
 ParOldGen       total 87552K, used 11395K [0x0000000081200000, 0x0000000086780000, 0x00000000d5b80000)
  object space 87552K, 13% used [0x0000000081200000,0x0000000081d20fa0,0x0000000086780000)
 Metaspace       used 15285K, capacity 15540K, committed 15744K, reserved 1062912K
  class space    used 1793K, capacity 1868K, committed 1920K, reserved 1048576K
}
Event: 69.223 GC heap before
{Heap before GC invocations=135 (full 0):
 PSYoungGen      total 25088K, used 24552K [0x00000000d5b80000, 0x00000000d7580000, 0x0000000100000000)
  eden space 23552K, 100% used [0x00000000d5b80000,0x00000000d7280000,0x00000000d7280000)
  from space 1536K, 65% used [0x00000000d7400000,0x00000000d74fa148,0x00000000d7580000)
  to   space 1536K, 0% used [0x00000000d7280000,0x00000000d7280000,0x00000000d7400000)
 ParOldGen       total 87552K, used 11395K [0x0000000081200000, 0x0000000086780000, 0x00000000d5b80000)
  object space 87552K, 13% used [0x0000000081200000,0x0000000081d20fa0,0x0000000086780000)
 Metaspace       used 15286K, capacity 15540K, committed 15744K, reserved 1062912K
  class space    used 1793K, capacity 1868K, committed 1920K, reserved 1048576K
Event: 69.224 GC heap after
Heap after GC invocations=135 (full 0):
 PSYoungGen      total 25088K, used 605K [0x00000000d5b80000, 0x00000000d7580000, 0x0000000100000000)
  eden space 23552K, 0% used [0x00000000d5b80000,0x00000000d5b80000,0x00000000d7280000)
  from space 1536K, 39% used [0x00000000d7280000,0x00000000d73177f8,0x00000000d7400000)
  to   space 1536K, 0% used [0x00000000d7400000,0x00000000d7400000,0x00000000d7580000)
 ParOldGen       total 87552K, used 11403K [0x0000000081200000, 0x0000000086780000, 0x00000000d5b80000)
  object space 87552K, 13% used [0x0000000081200000,0x0000000081d22fa0,0x0000000086780000)
 Metaspace       used 15286K, capacity 15540K, committed 15744K, reserved 1062912K
  class space    used 1793K, capacity 1868K, committed 1920K, reserved 1048576K
}

