# JRE version: Java(TM) SE Runtime Environment (8.0_71-b15) (build 1.8.0_71-b15)
# Java VM: Java HotSpot(TM) 64-Bit Server VM (25.71-b15 mixed mode windows-amd64 compressed oops)
Heap:
 PSYoungGen      total 26624K, used 16319K [0x00000000d5b80000, 0x00000000d7f80000, 0x0000000100000000)
  eden space 25600K, 61% used [0x00000000d5b80000,0x00000000d6ad04f8,0x00000000d7480000)
  from space 1024K, 62% used [0x00000000d7600000,0x00000000d769f7f8,0x00000000d7700000)
  to   space 5120K, 0% used [0x00000000d7a80000,0x00000000d7a80000,0x00000000d7f80000)
 ParOldGen       total 87552K, used 4396K [0x0000000081200000, 0x0000000086780000, 0x00000000d5b80000)
  object space 87552K, 5% used [0x0000000081200000,0x000000008164b0c8,0x0000000086780000)
 Metaspace       used 14700K, capacity 14932K, committed 15232K, reserved 1062912K
  class space    used 1805K, capacity 1900K, committed 1920K, reserved 1048576K
GC Heap History (10 events):
Event: 13.103 GC heap before
{Heap before GC invocations=17 (full 0):
 PSYoungGen      total 30208K, used 29804K [0x00000000d5b80000, 0x00000000d8b00000, 0x0000000100000000)
  eden space 28160K, 100% used [0x00000000d5b80000,0x00000000d7700000,0x00000000d7700000)
  from space 2048K, 80% used [0x00000000d8900000,0x00000000d8a9b310,0x00000000d8b00000)
  to   space 6144K, 0% used [0x00000000d7f00000,0x00000000d7f00000,0x00000000d8500000)
 ParOldGen       total 87552K, used 3742K [0x0000000081200000, 0x0000000086780000, 0x00000000d5b80000)
  object space 87552K, 4% used [0x0000000081200000,0x00000000815a78e8,0x0000000086780000)
 Metaspace       used 14629K, capacity 14868K, committed 14976K, reserved 1062912K
  class space    used 1805K, capacity 1900K, committed 1920K, reserved 1048576K
Event: 13.105 GC heap after
Heap after GC invocations=17 (full 0):
 PSYoungGen      total 28672K, used 605K [0x00000000d5b80000, 0x00000000d8980000, 0x0000000100000000)
  eden space 27648K, 0% used [0x00000000d5b80000,0x00000000d5b80000,0x00000000d7680000)
  from space 1024K, 59% used [0x00000000d7f00000,0x00000000d7f977f8,0x00000000d8000000)
  to   space 5632K, 0% used [0x00000000d8400000,0x00000000d8400000,0x00000000d8980000)
 ParOldGen       total 87552K, used 4302K [0x0000000081200000, 0x0000000086780000, 0x00000000d5b80000)
  object space 87552K, 4% used [0x0000000081200000,0x0000000081633a08,0x0000000086780000)
 Metaspace       used 14629K, capacity 14868K, committed 14976K, reserved 1062912K
  class space    used 1805K, capacity 1900K, committed 1920K, reserved 1048576K
}
Event: 13.362 GC heap before
{Heap before GC invocations=18 (full 0):
 PSYoungGen      total 28672K, used 28253K [0x00000000d5b80000, 0x00000000d8980000, 0x0000000100000000)
  eden space 27648K, 100% used [0x00000000d5b80000,0x00000000d7680000,0x00000000d7680000)
  from space 1024K, 59% used [0x00000000d7f00000,0x00000000d7f977f8,0x00000000d8000000)
  to   space 5632K, 0% used [0x00000000d8400000,0x00000000d8400000,0x00000000d8980000)
 ParOldGen       total 87552K, used 4302K [0x0000000081200000, 0x0000000086780000, 0x00000000d5b80000)
  object space 87552K, 4% used [0x0000000081200000,0x0000000081633a08,0x0000000086780000)
 Metaspace       used 14648K, capacity 14868K, committed 14976K, reserved 1062912K
  class space    used 1805K, capacity 1900K, committed 1920K, reserved 1048576K
Event: 13.363 GC heap after
Heap after GC invocations=18 (full 0):
 PSYoungGen      total 28160K, used 669K [0x00000000d5b80000, 0x00000000d8500000, 0x0000000100000000)
  eden space 27136K, 0% used [0x00000000d5b80000,0x00000000d5b80000,0x00000000d7600000)
  from space 1024K, 65% used [0x00000000d8400000,0x00000000d84a77f8,0x00000000d8500000)
  to   space 5632K, 0% used [0x00000000d7a00000,0x00000000d7a00000,0x00000000d7f80000)
 ParOldGen       total 87552K, used 4310K [0x0000000081200000, 0x0000000086780000, 0x00000000d5b80000)
  object space 87552K, 4% used [0x0000000081200000,0x0000000081635a08,0x0000000086780000)
 Metaspace       used 14648K, capacity 14868K, committed 14976K, reserved 1062912K
  class space    used 1805K, capacity 1900K, committed 1920K, reserved 1048576K
}
Event: 13.607 GC heap before
{Heap before GC invocations=19 (full 0):
 PSYoungGen      total 28160K, used 27805K [0x00000000d5b80000, 0x00000000d8500000, 0x0000000100000000)
  eden space 27136K, 100% used [0x00000000d5b80000,0x00000000d7600000,0x00000000d7600000)
  from space 1024K, 65% used [0x00000000d8400000,0x00000000d84a77f8,0x00000000d8500000)
  to   space 5632K, 0% used [0x00000000d7a00000,0x00000000d7a00000,0x00000000d7f80000)
 ParOldGen       total 87552K, used 4310K [0x0000000081200000, 0x0000000086780000, 0x00000000d5b80000)
  object space 87552K, 4% used [0x0000000081200000,0x0000000081635a08,0x0000000086780000)
 Metaspace       used 14655K, capacity 14932K, committed 15232K, reserved 1062912K
  class space    used 1805K, capacity 1900K, committed 1920K, reserved 1048576K
Event: 13.607 GC heap after
Heap after GC invocations=19 (full 0):
 PSYoungGen      total 27648K, used 715K [0x00000000d5b80000, 0x00000000d8480000, 0x0000000100000000)
  eden space 26624K, 0% used [0x00000000d5b80000,0x00000000d5b80000,0x00000000d7580000)
  from space 1024K, 69% used [0x00000000d7a00000,0x00000000d7ab2d00,0x00000000d7b00000)
  to   space 5632K, 0% used [0x00000000d7f00000,0x00000000d7f00000,0x00000000d8480000)
 ParOldGen       total 87552K, used 4366K [0x0000000081200000, 0x0000000086780000, 0x00000000d5b80000)
  object space 87552K, 4% used [0x0000000081200000,0x0000000081643b18,0x0000000086780000)
 Metaspace       used 14655K, capacity 14932K, committed 15232K, reserved 1062912K
  class space    used 1805K, capacity 1900K, committed 1920K, reserved 1048576K
}
Event: 13.856 GC heap before
{Heap before GC invocations=20 (full 0):
 PSYoungGen      total 27648K, used 27339K [0x00000000d5b80000, 0x00000000d8480000, 0x0000000100000000)
  eden space 26624K, 100% used [0x00000000d5b80000,0x00000000d7580000,0x00000000d7580000)
  from space 1024K, 69% used [0x00000000d7a00000,0x00000000d7ab2d00,0x00000000d7b00000)
  to   space 5632K, 0% used [0x00000000d7f00000,0x00000000d7f00000,0x00000000d8480000)
 ParOldGen       total 87552K, used 4366K [0x0000000081200000, 0x0000000086780000, 0x00000000d5b80000)
  object space 87552K, 4% used [0x0000000081200000,0x0000000081643b18,0x0000000086780000)
 Metaspace       used 14660K, capacity 14932K, committed 15232K, reserved 1062912K
  class space    used 1805K, capacity 1900K, committed 1920K, reserved 1048576K
Event: 13.858 GC heap after
Heap after GC invocations=20 (full 0):
 PSYoungGen      total 27136K, used 787K [0x00000000d5b80000, 0x00000000d8000000, 0x0000000100000000)
  eden space 26112K, 0% used [0x00000000d5b80000,0x00000000d5b80000,0x00000000d7500000)
  from space 1024K, 76% used [0x00000000d7f00000,0x00000000d7fc4ca0,0x00000000d8000000)
  to   space 5120K, 0% used [0x00000000d7600000,0x00000000d7600000,0x00000000d7b00000)
 ParOldGen       total 87552K, used 4374K [0x0000000081200000, 0x0000000086780000, 0x00000000d5b80000)
  object space 87552K, 4% used [0x0000000081200000,0x0000000081645b18,0x0000000086780000)
 Metaspace       used 14660K, capacity 14932K, committed 15232K, reserved 1062912K
  class space    used 1805K, capacity 1900K, committed 1920K, reserved 1048576K
}
Event: 14.060 GC heap before
{Heap before GC invocations=21 (full 0):
 PSYoungGen      total 27136K, used 26899K [0x00000000d5b80000, 0x00000000d8000000, 0x0000000100000000)
  eden space 26112K, 100% used [0x00000000d5b80000,0x00000000d7500000,0x00000000d7500000)
  from space 1024K, 76% used [0x00000000d7f00000,0x00000000d7fc4ca0,0x00000000d8000000)
  to   space 5120K, 0% used [0x00000000d7600000,0x00000000d7600000,0x00000000d7b00000)
 ParOldGen       total 87552K, used 4374K [0x0000000081200000, 0x0000000086780000, 0x00000000d5b80000)
  object space 87552K, 4% used [0x0000000081200000,0x0000000081645b18,0x0000000086780000)
 Metaspace       used 14672K, capacity 14932K, committed 15232K, reserved 1062912K
  class space    used 1805K, capacity 1900K, committed 1920K, reserved 1048576K
Event: 14.060 GC heap after
Heap after GC invocations=21 (full 0):
 PSYoungGen      total 26624K, used 637K [0x00000000d5b80000, 0x00000000d7f80000, 0x0000000100000000)
  eden space 25600K, 0% used [0x00000000d5b80000,0x00000000d5b80000,0x00000000d7480000)
  from space 1024K, 62% used [0x00000000d7600000,0x00000000d769f7f8,0x00000000d7700000)
  to   space 5120K, 0% used [0x00000000d7a80000,0x00000000d7a80000,0x00000000d7f80000)
 ParOldGen       total 87552K, used 4396K [0x0000000081200000, 0x0000000086780000, 0x00000000d5b80000)
  object space 87552K, 5% used [0x0000000081200000,0x000000008164b0c8,0x0000000086780000)
 Metaspace       used 14672K, capacity 14932K, committed 15232K, reserved 1062912K
  class space    used 1805K, capacity 1900K, committed 1920K, reserved 1048576K
}

